# JRE version: OpenJDK Runtime Environment Temurin-17.0.8.1+1 (17.0.8.1+1) (build 17.0.8.1+1)
# Java VM: OpenJDK 64-Bit Server VM Temurin-17.0.8.1+1 (17.0.8.1+1, mixed mode, tiered, compressed oops, compressed class ptrs, parallel gc, windows-amd64)
GC Precious Log:
 CPUs: 2 total, 2 available
 Memory: 3902M
 Large Page Support: Disabled
 NUMA Support: Disabled
 Compressed Oops: Enabled (32-bit)
 Alignments: Space 512K, Generation 512K, Heap 2M
 Heap Min Capacity: 100M
 Heap Initial Capacity: 100M
 Heap Max Capacity: 1G
 Pre-touch: Disabled
 Parallel Workers: 2
Heap:
 PSYoungGen      total 95232K, used 66105K [0x00000000eab00000, 0x00000000f1c80000, 0x0000000100000000)
  eden space 77312K, 62% used [0x00000000eab00000,0x00000000eda12ef8,0x00000000ef680000)
  from space 17920K, 99% used [0x00000000ef680000,0x00000000f07fb678,0x00000000f0800000)
  to   space 17408K, 0% used [0x00000000f0800000,0x00000000f0800000,0x00000000f1900000)
 ParOldGen       total 699392K, used 464792K [0x00000000c0000000, 0x00000000eab00000, 0x00000000eab00000)
  object space 699392K, 66% used [0x00000000c0000000,0x00000000dc5e62c0,0x00000000eab00000)
 Metaspace       used 86769K, committed 88320K, reserved 1179648K
  class space    used 8796K, committed 9472K, reserved 1048576K
GC Heap History (20 events):
Event: 661.888 GC heap before
{Heap before GC invocations=757 (full 62):
 PSYoungGen      total 91136K, used 91116K [0x00000000eab00000, 0x00000000f1980000, 0x0000000100000000)
  eden space 74752K, 100% used [0x00000000eab00000,0x00000000ef400000,0x00000000ef400000)
  from space 16384K, 99% used [0x00000000ef400000,0x00000000f03fb048,0x00000000f0400000)
  to   space 17920K, 0% used [0x00000000f0800000,0x00000000f0800000,0x00000000f1980000)
 ParOldGen       total 699392K, used 422320K [0x00000000c0000000, 0x00000000eab00000, 0x00000000eab00000)
  object space 699392K, 60% used [0x00000000c0000000,0x00000000d9c6c1b8,0x00000000eab00000)
 Metaspace       used 86621K, committed 88192K, reserved 1179648K
  class space    used 8774K, committed 9472K, reserved 1048576K
}
Event: 661.932 GC heap after
{Heap after GC invocations=757 (full 62):
 PSYoungGen      total 94720K, used 16961K [0x00000000eab00000, 0x00000000f1900000, 0x0000000100000000)
  eden space 77312K, 0% used [0x00000000eab00000,0x00000000eab00000,0x00000000ef680000)
  from space 17408K, 97% used [0x00000000f0800000,0x00000000f18907f0,0x00000000f1900000)
  to   space 17408K, 0% used [0x00000000ef700000,0x00000000ef700000,0x00000000f0800000)
 ParOldGen       total 699392K, used 424653K [0x00000000c0000000, 0x00000000eab00000, 0x00000000eab00000)
  object space 699392K, 60% used [0x00000000c0000000,0x00000000d9eb3550,0x00000000eab00000)
 Metaspace       used 86621K, committed 88192K, reserved 1179648K
  class space    used 8774K, committed 9472K, reserved 1048576K
}
Event: 662.197 GC heap before
{Heap before GC invocations=758 (full 62):
 PSYoungGen      total 94720K, used 94273K [0x00000000eab00000, 0x00000000f1900000, 0x0000000100000000)
  eden space 77312K, 100% used [0x00000000eab00000,0x00000000ef680000,0x00000000ef680000)
  from space 17408K, 97% used [0x00000000f0800000,0x00000000f18907f0,0x00000000f1900000)
  to   space 17408K, 0% used [0x00000000ef700000,0x00000000ef700000,0x00000000f0800000)
 ParOldGen       total 699392K, used 424653K [0x00000000c0000000, 0x00000000eab00000, 0x00000000eab00000)
  object space 699392K, 60% used [0x00000000c0000000,0x00000000d9eb3550,0x00000000eab00000)
 Metaspace       used 86621K, committed 88192K, reserved 1179648K
  class space    used 8774K, committed 9472K, reserved 1048576K
}
Event: 662.242 GC heap after
{Heap after GC invocations=758 (full 62):
 PSYoungGen      total 94720K, used 17388K [0x00000000eab00000, 0x00000000f1900000, 0x0000000100000000)
  eden space 77312K, 0% used [0x00000000eab00000,0x00000000eab00000,0x00000000ef680000)
  from space 17408K, 99% used [0x00000000ef700000,0x00000000f07fb048,0x00000000f0800000)
  to   space 17408K, 0% used [0x00000000f0800000,0x00000000f0800000,0x00000000f1900000)
 ParOldGen       total 699392K, used 426861K [0x00000000c0000000, 0x00000000eab00000, 0x00000000eab00000)
  object space 699392K, 61% used [0x00000000c0000000,0x00000000da0db550,0x00000000eab00000)
 Metaspace       used 86621K, committed 88192K, reserved 1179648K
  class space    used 8774K, committed 9472K, reserved 1048576K
}
Event: 662.516 GC heap before
{Heap before GC invocations=759 (full 62):
 PSYoungGen      total 94720K, used 94700K [0x00000000eab00000, 0x00000000f1900000, 0x0000000100000000)
  eden space 77312K, 100% used [0x00000000eab00000,0x00000000ef680000,0x00000000ef680000)
  from space 17408K, 99% used [0x00000000ef700000,0x00000000f07fb048,0x00000000f0800000)
  to   space 17408K, 0% used [0x00000000f0800000,0x00000000f0800000,0x00000000f1900000)
 ParOldGen       total 699392K, used 426861K [0x00000000c0000000, 0x00000000eab00000, 0x00000000eab00000)
  object space 699392K, 61% used [0x00000000c0000000,0x00000000da0db550,0x00000000eab00000)
 Metaspace       used 86621K, committed 88192K, reserved 1179648K
  class space    used 8774K, committed 9472K, reserved 1048576K
}
Event: 662.568 GC heap after
{Heap after GC invocations=759 (full 62):
 PSYoungGen      total 95232K, used 15360K [0x00000000eab00000, 0x00000000f1b00000, 0x0000000100000000)
  eden space 77824K, 0% used [0x00000000eab00000,0x00000000eab00000,0x00000000ef700000)
  from space 17408K, 88% used [0x00000000f0800000,0x00000000f1700288,0x00000000f1900000)
  to   space 17408K, 0% used [0x00000000ef700000,0x00000000ef700000,0x00000000f0800000)
 ParOldGen       total 699392K, used 433559K [0x00000000c0000000, 0x00000000eab00000, 0x00000000eab00000)
  object space 699392K, 61% used [0x00000000c0000000,0x00000000da765e88,0x00000000eab00000)
 Metaspace       used 86621K, committed 88192K, reserved 1179648K
  class space    used 8774K, committed 9472K, reserved 1048576K
}
Event: 662.835 GC heap before
{Heap before GC invocations=760 (full 62):
 PSYoungGen      total 95232K, used 93184K [0x00000000eab00000, 0x00000000f1b00000, 0x0000000100000000)
  eden space 77824K, 100% used [0x00000000eab00000,0x00000000ef700000,0x00000000ef700000)
  from space 17408K, 88% used [0x00000000f0800000,0x00000000f1700288,0x00000000f1900000)
  to   space 17408K, 0% used [0x00000000ef700000,0x00000000ef700000,0x00000000f0800000)
 ParOldGen       total 699392K, used 433559K [0x00000000c0000000, 0x00000000eab00000, 0x00000000eab00000)
  object space 699392K, 61% used [0x00000000c0000000,0x00000000da765e88,0x00000000eab00000)
 Metaspace       used 86621K, committed 88192K, reserved 1179648K
  class space    used 8774K, committed 9472K, reserved 1048576K
}
Event: 662.884 GC heap after
{Heap after GC invocations=760 (full 62):
 PSYoungGen      total 95232K, used 17399K [0x00000000eab00000, 0x00000000f1b00000, 0x0000000100000000)
  eden space 77824K, 0% used [0x00000000eab00000,0x00000000eab00000,0x00000000ef700000)
  from space 17408K, 99% used [0x00000000ef700000,0x00000000f07fdd18,0x00000000f0800000)
  to   space 17408K, 0% used [0x00000000f0800000,0x00000000f0800000,0x00000000f1900000)
 ParOldGen       total 699392K, used 437267K [0x00000000c0000000, 0x00000000eab00000, 0x00000000eab00000)
  object space 699392K, 62% used [0x00000000c0000000,0x00000000dab04d70,0x00000000eab00000)
 Metaspace       used 86621K, committed 88192K, reserved 1179648K
  class space    used 8774K, committed 9472K, reserved 1048576K
}
Event: 663.231 GC heap before
{Heap before GC invocations=761 (full 62):
 PSYoungGen      total 95232K, used 95223K [0x00000000eab00000, 0x00000000f1b00000, 0x0000000100000000)
  eden space 77824K, 100% used [0x00000000eab00000,0x00000000ef700000,0x00000000ef700000)
  from space 17408K, 99% used [0x00000000ef700000,0x00000000f07fdd18,0x00000000f0800000)
  to   space 17408K, 0% used [0x00000000f0800000,0x00000000f0800000,0x00000000f1900000)
 ParOldGen       total 699392K, used 437267K [0x00000000c0000000, 0x00000000eab00000, 0x00000000eab00000)
  object space 699392K, 62% used [0x00000000c0000000,0x00000000dab04d70,0x00000000eab00000)
 Metaspace       used 86621K, committed 88192K, reserved 1179648K
  class space    used 8774K, committed 9472K, reserved 1048576K
}
Event: 663.276 GC heap after
{Heap after GC invocations=761 (full 62):
 PSYoungGen      total 94720K, used 15710K [0x00000000eab00000, 0x00000000f1c80000, 0x0000000100000000)
  eden space 77312K, 0% used [0x00000000eab00000,0x00000000eab00000,0x00000000ef680000)
  from space 17408K, 90% used [0x00000000f0800000,0x00000000f1757b30,0x00000000f1900000)
  to   space 17920K, 0% used [0x00000000ef680000,0x00000000ef680000,0x00000000f0800000)
 ParOldGen       total 699392K, used 440019K [0x00000000c0000000, 0x00000000eab00000, 0x00000000eab00000)
  object space 699392K, 62% used [0x00000000c0000000,0x00000000dadb4d70,0x00000000eab00000)
 Metaspace       used 86621K, committed 88192K, reserved 1179648K
  class space    used 8774K, committed 9472K, reserved 1048576K
}
Event: 663.597 GC heap before
{Heap before GC invocations=762 (full 62):
 PSYoungGen      total 94720K, used 93022K [0x00000000eab00000, 0x00000000f1c80000, 0x0000000100000000)
  eden space 77312K, 100% used [0x00000000eab00000,0x00000000ef680000,0x00000000ef680000)
  from space 17408K, 90% used [0x00000000f0800000,0x00000000f1757b30,0x00000000f1900000)
  to   space 17920K, 0% used [0x00000000ef680000,0x00000000ef680000,0x00000000f0800000)
 ParOldGen       total 699392K, used 440019K [0x00000000c0000000, 0x00000000eab00000, 0x00000000eab00000)
  object space 699392K, 62% used [0x00000000c0000000,0x00000000dadb4d70,0x00000000eab00000)
 Metaspace       used 86621K, committed 88192K, reserved 1179648K
  class space    used 8774K, committed 9472K, reserved 1048576K
}
Event: 663.648 GC heap after
{Heap after GC invocations=762 (full 62):
 PSYoungGen      total 95232K, used 17895K [0x00000000eab00000, 0x00000000f1c80000, 0x0000000100000000)
  eden space 77312K, 0% used [0x00000000eab00000,0x00000000eab00000,0x00000000ef680000)
  from space 17920K, 99% used [0x00000000ef680000,0x00000000f07f9e18,0x00000000f0800000)
  to   space 17408K, 0% used [0x00000000f0800000,0x00000000f0800000,0x00000000f1900000)
 ParOldGen       total 699392K, used 444347K [0x00000000c0000000, 0x00000000eab00000, 0x00000000eab00000)
  object space 699392K, 63% used [0x00000000c0000000,0x00000000db1eec18,0x00000000eab00000)
 Metaspace       used 86621K, committed 88192K, reserved 1179648K
  class space    used 8774K, committed 9472K, reserved 1048576K
}
Event: 663.941 GC heap before
{Heap before GC invocations=763 (full 62):
 PSYoungGen      total 95232K, used 95207K [0x00000000eab00000, 0x00000000f1c80000, 0x0000000100000000)
  eden space 77312K, 100% used [0x00000000eab00000,0x00000000ef680000,0x00000000ef680000)
  from space 17920K, 99% used [0x00000000ef680000,0x00000000f07f9e18,0x00000000f0800000)
  to   space 17408K, 0% used [0x00000000f0800000,0x00000000f0800000,0x00000000f1900000)
 ParOldGen       total 699392K, used 444347K [0x00000000c0000000, 0x00000000eab00000, 0x00000000eab00000)
  object space 699392K, 63% used [0x00000000c0000000,0x00000000db1eec18,0x00000000eab00000)
 Metaspace       used 86621K, committed 88192K, reserved 1179648K
  class space    used 8774K, committed 9472K, reserved 1048576K
}
Event: 663.992 GC heap after
{Heap after GC invocations=763 (full 62):
 PSYoungGen      total 94720K, used 17398K [0x00000000eab00000, 0x00000000f1c80000, 0x0000000100000000)
  eden space 77312K, 0% used [0x00000000eab00000,0x00000000eab00000,0x00000000ef680000)
  from space 17408K, 99% used [0x00000000f0800000,0x00000000f18fdb58,0x00000000f1900000)
  to   space 17920K, 0% used [0x00000000ef680000,0x00000000ef680000,0x00000000f0800000)
 ParOldGen       total 699392K, used 449672K [0x00000000c0000000, 0x00000000eab00000, 0x00000000eab00000)
  object space 699392K, 64% used [0x00000000c0000000,0x00000000db722320,0x00000000eab00000)
 Metaspace       used 86621K, committed 88192K, reserved 1179648K
  class space    used 8774K, committed 9472K, reserved 1048576K
}
Event: 664.301 GC heap before
{Heap before GC invocations=764 (full 62):
 PSYoungGen      total 94720K, used 94710K [0x00000000eab00000, 0x00000000f1c80000, 0x0000000100000000)
  eden space 77312K, 100% used [0x00000000eab00000,0x00000000ef680000,0x00000000ef680000)
  from space 17408K, 99% used [0x00000000f0800000,0x00000000f18fdb58,0x00000000f1900000)
  to   space 17920K, 0% used [0x00000000ef680000,0x00000000ef680000,0x00000000f0800000)
 ParOldGen       total 699392K, used 449672K [0x00000000c0000000, 0x00000000eab00000, 0x00000000eab00000)
  object space 699392K, 64% used [0x00000000c0000000,0x00000000db722320,0x00000000eab00000)
 Metaspace       used 86621K, committed 88192K, reserved 1179648K
  class space    used 8774K, committed 9472K, reserved 1048576K
}
Event: 664.355 GC heap after
{Heap after GC invocations=764 (full 62):
 PSYoungGen      total 95232K, used 16111K [0x00000000eab00000, 0x00000000f1c80000, 0x0000000100000000)
  eden space 77312K, 0% used [0x00000000eab00000,0x00000000eab00000,0x00000000ef680000)
  from space 17920K, 89% used [0x00000000ef680000,0x00000000f063bce8,0x00000000f0800000)
  to   space 17408K, 0% used [0x00000000f0800000,0x00000000f0800000,0x00000000f1900000)
 ParOldGen       total 699392K, used 456907K [0x00000000c0000000, 0x00000000eab00000, 0x00000000eab00000)
  object space 699392K, 65% used [0x00000000c0000000,0x00000000dbe32f50,0x00000000eab00000)
 Metaspace       used 86621K, committed 88192K, reserved 1179648K
  class space    used 8774K, committed 9472K, reserved 1048576K
}
Event: 664.733 GC heap before
{Heap before GC invocations=765 (full 62):
 PSYoungGen      total 95232K, used 93423K [0x00000000eab00000, 0x00000000f1c80000, 0x0000000100000000)
  eden space 77312K, 100% used [0x00000000eab00000,0x00000000ef680000,0x00000000ef680000)
  from space 17920K, 89% used [0x00000000ef680000,0x00000000f063bce8,0x00000000f0800000)
  to   space 17408K, 0% used [0x00000000f0800000,0x00000000f0800000,0x00000000f1900000)
 ParOldGen       total 699392K, used 456907K [0x00000000c0000000, 0x00000000eab00000, 0x00000000eab00000)
  object space 699392K, 65% used [0x00000000c0000000,0x00000000dbe32f50,0x00000000eab00000)
 Metaspace       used 86621K, committed 88192K, reserved 1179648K
  class space    used 8774K, committed 9472K, reserved 1048576K
}
Event: 664.783 GC heap after
{Heap after GC invocations=765 (full 62):
 PSYoungGen      total 94720K, used 17404K [0x00000000eab00000, 0x00000000f1c80000, 0x0000000100000000)
  eden space 77312K, 0% used [0x00000000eab00000,0x00000000eab00000,0x00000000ef680000)
  from space 17408K, 99% used [0x00000000f0800000,0x00000000f18ff008,0x00000000f1900000)
  to   space 17920K, 0% used [0x00000000ef680000,0x00000000ef680000,0x00000000f0800000)
 ParOldGen       total 699392K, used 459469K [0x00000000c0000000, 0x00000000eab00000, 0x00000000eab00000)
  object space 699392K, 65% used [0x00000000c0000000,0x00000000dc0b34d0,0x00000000eab00000)
 Metaspace       used 86621K, committed 88192K, reserved 1179648K
  class space    used 8774K, committed 9472K, reserved 1048576K
}
Event: 665.294 GC heap before
{Heap before GC invocations=766 (full 62):
 PSYoungGen      total 94720K, used 94716K [0x00000000eab00000, 0x00000000f1c80000, 0x0000000100000000)
  eden space 77312K, 100% used [0x00000000eab00000,0x00000000ef680000,0x00000000ef680000)
  from space 17408K, 99% used [0x00000000f0800000,0x00000000f18ff008,0x00000000f1900000)
  to   space 17920K, 0% used [0x00000000ef680000,0x00000000ef680000,0x00000000f0800000)
 ParOldGen       total 699392K, used 459469K [0x00000000c0000000, 0x00000000eab00000, 0x00000000eab00000)
  object space 699392K, 65% used [0x00000000c0000000,0x00000000dc0b34d0,0x00000000eab00000)
 Metaspace       used 86765K, committed 88320K, reserved 1179648K
  class space    used 8796K, committed 9472K, reserved 1048576K
}
Event: 665.346 GC heap after
{Heap after GC invocations=766 (full 62):
 PSYoungGen      total 95232K, used 17901K [0x00000000eab00000, 0x00000000f1c80000, 0x0000000100000000)
  eden space 77312K, 0% used [0x00000000eab00000,0x00000000eab00000,0x00000000ef680000)
  from space 17920K, 99% used [0x00000000ef680000,0x00000000f07fb678,0x00000000f0800000)
  to   space 17408K, 0% used [0x00000000f0800000,0x00000000f0800000,0x00000000f1900000)
 ParOldGen       total 699392K, used 464792K [0x00000000c0000000, 0x00000000eab00000, 0x00000000eab00000)
  object space 699392K, 66% used [0x00000000c0000000,0x00000000dc5e62c0,0x00000000eab00000)
 Metaspace       used 86765K, committed 88320K, reserved 1179648K
  class space    used 8796K, committed 9472K, reserved 1048576K
}

